User belongs to experiment group 'ShowPlayIcon - start'
User belongs to experiment group 'ShowExtensionSurveyPrompt - enabled'
User belongs to experiment group 'DebugAdapterFactory - experiment'
User belongs to experiment group 'PtvsdWheels37 - experiment'
User belongs to experiment group 'UseTerminalToGetActivatedEnvVars - control'
User belongs to experiment group 'AA_testing - control'
User belongs to experiment group 'LocalZMQKernel - experiment'
User belongs to experiment group 'CollectLSRequestTiming - control'
User belongs to experiment group 'CollectNodeLSRequestTiming - experiment'
User belongs to experiment group 'EnableIPyWidgets - experiment'
User belongs to experiment group 'RunByLine - control'
User belongs to experiment group 'CustomEditorSupport - control'
User belongs to experiment group 'pythonaacf'
> conda --version
> pyenv root
> python3.7 c:\Users\Userpc\.vscode\extensions\ms-python.python-2020.7.94776\pythonFiles\pyvsc-run-isolated.py -c "import sys;print(sys.executable)"
> python3.6 c:\Users\Userpc\.vscode\extensions\ms-python.python-2020.7.94776\pythonFiles\pyvsc-run-isolated.py -c "import sys;print(sys.executable)"
> python3 c:\Users\Userpc\.vscode\extensions\ms-python.python-2020.7.94776\pythonFiles\pyvsc-run-isolated.py -c "import sys;print(sys.executable)"
> python2 c:\Users\Userpc\.vscode\extensions\ms-python.python-2020.7.94776\pythonFiles\pyvsc-run-isolated.py -c "import sys;print(sys.executable)"
> python c:\Users\Userpc\.vscode\extensions\ms-python.python-2020.7.94776\pythonFiles\pyvsc-run-isolated.py -c "import sys;print(sys.executable)"
> py -3.7 c:\Users\Userpc\.vscode\extensions\ms-python.python-2020.7.94776\pythonFiles\pyvsc-run-isolated.py -c "import sys;print(sys.executable)"
> py -3.6 c:\Users\Userpc\.vscode\extensions\ms-python.python-2020.7.94776\pythonFiles\pyvsc-run-isolated.py -c "import sys;print(sys.executable)"
> py -3 c:\Users\Userpc\.vscode\extensions\ms-python.python-2020.7.94776\pythonFiles\pyvsc-run-isolated.py -c "import sys;print(sys.executable)"
> py -2 c:\Users\Userpc\.vscode\extensions\ms-python.python-2020.7.94776\pythonFiles\pyvsc-run-isolated.py -c "import sys;print(sys.executable)"
> python c:\Users\Userpc\.vscode\extensions\ms-python.python-2020.7.94776\pythonFiles\pyvsc-run-isolated.py -c "import sys;print(sys.executable)"
Error 2020-07-26 02:36:19: Failed to download and store experiments, Class name = b, completed in 18542ms, has a falsy return value, , Return Value: undefined [Error: getaddrinfo ENOTFOUND raw.githubusercontent.com
	at GetAddrInfoReqWrap.onlookup [as oncomplete] (dns.js:60:26)] {
  errno: 'ENOTFOUND',
  code: 'ENOTFOUND',
  syscall: 'getaddrinfo',
  hostname: 'raw.githubusercontent.com'
}
Error 2020-07-26 02:36:19: Failed to initialize experiments, Class name = b, completed in 18549ms, has a falsy return value, , Return Value: undefined [Error: getaddrinfo ENOTFOUND raw.githubusercontent.com
	at GetAddrInfoReqWrap.onlookup [as oncomplete] (dns.js:60:26)] {
  errno: 'ENOTFOUND',
  code: 'ENOTFOUND',
  syscall: 'getaddrinfo',
  hostname: 'raw.githubusercontent.com'
}
> conda info --json
Error 2020-07-26 02:36:22: Detection of Python Interpreter for Command python3 and args  failed as file  does not exist
Error 2020-07-26 02:36:31: Detection of Python Interpreter for Command py and args -2 failed as file Python 2 not found!

 -3.8-32 does not exist
Error 2020-07-26 02:36:31: Detection of Python Interpreter for Command py and args -3.7 failed as file Python 3.7 not found!

 -3.8-32 does not exist
Error 2020-07-26 02:36:31: Detection of Python Interpreter for Command py and args -3.6 failed as file Python 3.6 not found!

 -3.8-32 does not exist
> python c:\Users\Userpc\.vscode\extensions\ms-python.python-2020.7.94776\pythonFiles\pyvsc-run-isolated.py -c "import sys;print(sys.executable)"
> python c:\Users\Userpc\.vscode\extensions\ms-python.python-2020.7.94776\pythonFiles\pyvsc-run-isolated.py -c "import sys;print(sys.executable)"
> pyenv root
> C:\Program Files (x86)\Python38-32\python.exe c:\Users\Userpc\.vscode\extensions\ms-python.python-2020.7.94776\pythonFiles\pyvsc-run-isolated.py -c "import jupyter"
> C:\Program Files (x86)\Python38-32\python.exe c:\Users\Userpc\.vscode\extensions\ms-python.python-2020.7.94776\pythonFiles\pyvsc-run-isolated.py -c "import jupyter"
> C:\Program Files (x86)\Python38-32\python.exe c:\Users\Userpc\.vscode\extensions\ms-python.python-2020.7.94776\pythonFiles\pyvsc-run-isolated.py -c "import notebook"
> C:\Program Files (x86)\Python38-32\python.exe c:\Users\Userpc\.vscode\extensions\ms-python.python-2020.7.94776\pythonFiles\pyvsc-run-isolated.py -c "import notebook"
Error 2020-07-26 02:36:36: Failed to get interpreter information for 'C:\Users\Userpc\AppData\Local\Microsoft\WindowsApps\python.exe' [Error: Command failed: "C:\\Users\Userpc\AppData\Local\Microsoft\WindowsApps\python.exe" "c:\Users\Userpc\.vscode\extensions\ms-python.python-2020.7.94776\pythonFiles\pyvsc-run-isolated.py" "c:\Users\Userpc\.vscode\extensions\ms-python.python-2020.7.94776\pythonFiles\interpreterInfo.py"
Python was not found but can be installed from the Microsoft Store: https://go.microsoft.com/fwlink?linkID=2082640
	at ChildProcess.exithandler (child_process.js:308:12)
	at ChildProcess.emit (events.js:203:13)
	at maybeClose (internal/child_process.js:1021:16)
	at Process.ChildProcess._handle.onexit (internal/child_process.js:283:5)] {
  killed: false,
  code: 9009,
  signal: null,
  cmd: '"C:\\\\Users\\Userpc\\AppData\\Local\\Microsoft\\WindowsApps\\python.exe" "c:\\Users\\Userpc\\.vscode\\extensions\\ms-python.python-2020.7.94776\\pythonFiles\\pyvsc-run-isolated.py" "c:\\Users\\Userpc\\.vscode\\extensions\\ms-python.python-2020.7.94776\\pythonFiles\\interpreterInfo.py"'
}
Python interpreter path: c:\Users\Userpc\Desktop\myblog\virtual\Scripts\python.exe
Error 2020-07-26 02:36:38: Failed to check if file needs to be fixed [EntryNotFound (FileSystemError): Unable to read file 'c:\Users\Userpc\Desktop\myblog\.vscode\settings.json' (EntryNotFound (FileSystemError): Error: ENOENT: no such file or directory, open 'c:\Users\Userpc\Desktop\myblog\.vscode\settings.json')
	at _handleError (c:\Users\Userpc\AppData\Local\Programs\Microsoft VS Code\resources\app\out\vs\workbench\services\extensions\node\extensionHostProcess.js:657:25)
	at processTicksAndRejections (internal/process/task_queues.js:85:5)
	at async v.readText (c:\Users\Userpc\.vscode\extensions\ms-python.python-2020.7.94776\out\client\extension.js:1:571152)
	at async p.doesFileNeedToBeFixed (c:\Users\Userpc\.vscode\extensions\ms-python.python-2020.7.94776\out\client\extension.js:48:932108)
	at async c:\Users\Userpc\.vscode\extensions\ms-python.python-2020.7.94776\out\client\extension.js:48:931235
	at async Promise.all (index 1)
	at async p.getFilesToBeFixed (c:\Users\Userpc\.vscode\extensions\ms-python.python-2020.7.94776\out\client\extension.js:48:931181)
	at async p.updateTestSettings (c:\Users\Userpc\.vscode\extensions\ms-python.python-2020.7.94776\out\client\extension.js:48:930808)] {
  code: 'FileNotFound',
  name: 'EntryNotFound (FileSystemError)'
}
Starting Jedi Python language engine.
> conda --version
Error 2020-07-26 02:36:38: Failed to get interpreter information for 'C:\Users\Userpc\AppData\Local\Microsoft\WindowsApps\python3.exe' [Error: Command failed: "C:\\Users\Userpc\AppData\Local\Microsoft\WindowsApps\python3.exe" "c:\Users\Userpc\.vscode\extensions\ms-python.python-2020.7.94776\pythonFiles\pyvsc-run-isolated.py" "c:\Users\Userpc\.vscode\extensions\ms-python.python-2020.7.94776\pythonFiles\interpreterInfo.py"
Python was not found but can be installed from the Microsoft Store: https://go.microsoft.com/fwlink?linkID=2082640
	at ChildProcess.exithandler (child_process.js:308:12)
	at ChildProcess.emit (events.js:203:13)
	at maybeClose (internal/child_process.js:1021:16)
	at Process.ChildProcess._handle.onexit (internal/child_process.js:283:5)] {
  killed: false,
  code: 9009,
  signal: null,
  cmd: '"C:\\\\Users\\Userpc\\AppData\\Local\\Microsoft\\WindowsApps\\python3.exe" "c:\\Users\\Userpc\\.vscode\\extensions\\ms-python.python-2020.7.94776\\pythonFiles\\pyvsc-run-isolated.py" "c:\\Users\\Userpc\\.vscode\\extensions\\ms-python.python-2020.7.94776\\pythonFiles\\interpreterInfo.py"'
}
> c:\Users\Userpc\Desktop\myblog\virtual\Scripts\python.exe c:\Users\Userpc\.vscode\extensions\ms-python.python-2020.7.94776\pythonFiles\pyvsc-run-isolated.py -c "import sys;print(sys.prefix)"
cwd: c:\Users\Userpc\Desktop\myblog
> c:\Users\Userpc\Desktop\myblog\virtual\Scripts\python.exe c:\Users\Userpc\.vscode\extensions\ms-python.python-2020.7.94776\pythonFiles\pyvsc-run-isolated.py -c "import sys;print(sys.prefix)"
cwd: c:\Users\Userpc\Desktop\myblog
> c:\Users\Userpc\Desktop\myblog\virtual\Scripts\python.exe c:\Users\Userpc\.vscode\extensions\ms-python.python-2020.7.94776\pythonFiles\pyvsc-run-isolated.py -c "import sys;print(sys.executable)"
cwd: c:\Users\Userpc\Desktop\myblog
> c:\Users\Userpc\Desktop\myblog\virtual\Scripts\python.exe c:\Users\Userpc\.vscode\extensions\ms-python.python-2020.7.94776\pythonFiles\pyvsc-run-isolated.py -c "import sys;print(sys.executable)"
cwd: c:\Users\Userpc\Desktop\myblog
> c:\Users\Userpc\Desktop\myblog\virtual\Scripts\python.exe c:\Users\Userpc\.vscode\extensions\ms-python.python-2020.7.94776\pythonFiles\pyvsc-run-isolated.py -c "from distutils.sysconfig import get_python_lib; print(get_python_lib())"
cwd: c:\Users\Userpc\Desktop\myblog
> c:\Users\Userpc\Desktop\myblog\virtual\Scripts\python.exe c:\Users\Userpc\.vscode\extensions\ms-python.python-2020.7.94776\pythonFiles\pyvsc-run-isolated.py -c "from distutils.sysconfig import get_python_lib; print(get_python_lib())"
cwd: c:\Users\Userpc\Desktop\myblog
> c:\Users\Userpc\Desktop\myblog\virtual\Scripts\python.exe c:\Users\Userpc\.vscode\extensions\ms-python.python-2020.7.94776\pythonFiles\pyvsc-run-isolated.py site --user-site
cwd: c:\Users\Userpc\Desktop\myblog
> c:\Users\Userpc\Desktop\myblog\virtual\Scripts\python.exe c:\Users\Userpc\.vscode\extensions\ms-python.python-2020.7.94776\pythonFiles\pyvsc-run-isolated.py site --user-site
cwd: c:\Users\Userpc\Desktop\myblog
> c:\Users\Userpc\Desktop\myblog\virtual\Scripts\python.exe c:\Users\Userpc\.vscode\extensions\ms-python.python-2020.7.94776\pythonFiles\pyvsc-run-isolated.py pylint --disable=all --enable=F,unreachable,duplicate-key,unnecessary-semicolon,global-variable-not-assigned,unused-variable,unused-wildcard-import,binary-op-exception,bad-format-string,anomalous-backslash-in-string,bad-open-mode,E0001,E0011,E0012,E0100,E0101,E0102,E0103,E0104,E0105,E0107,E0108,E0110,E0111,E0112,E0113,E0114,E0115,E0116,E0117,E0118,E0202,E0203,E0211,E0213,E0236,E0237,E0238,E0239,E0240,E0241,E0301,E0302,E0303,E0401,E0402,E0601,E0602,E0603,E0604,E0611,E0632,E0633,E0701,E0702,E0703,E0704,E0710,E0711,E0712,E1003,E1101,E1102,E1111,E1120,E1121,E1123,E1124,E1125,E1126,E1127,E1128,E1129,E1130,E1131,E1132,E1133,E1134,E1135,E1136,E1137,E1138,E1139,E1200,E1201,E1205,E1206,E1300,E1301,E1302,E1303,E1304,E1305,E1306,E1310,E1700,E1701 --msg-template='{line},{column},{category},{symbol}:{msg}' --reports=n --output-format=text c:\Users\Userpc\Desktop\myblog\Flask-Tutorial\hello.py
cwd: c:\Users\Userpc\Desktop\myblog
> c:\Users\Userpc\Desktop\myblog\virtual\Scripts\python.exe c:\Users\Userpc\.vscode\extensions\ms-python.python-2020.7.94776\pythonFiles\pyvsc-run-isolated.py pylint --disable=all --enable=F,unreachable,duplicate-key,unnecessary-semicolon,global-variable-not-assigned,unused-variable,unused-wildcard-import,binary-op-exception,bad-format-string,anomalous-backslash-in-string,bad-open-mode,E0001,E0011,E0012,E0100,E0101,E0102,E0103,E0104,E0105,E0107,E0108,E0110,E0111,E0112,E0113,E0114,E0115,E0116,E0117,E0118,E0202,E0203,E0211,E0213,E0236,E0237,E0238,E0239,E0240,E0241,E0301,E0302,E0303,E0401,E0402,E0601,E0602,E0603,E0604,E0611,E0632,E0633,E0701,E0702,E0703,E0704,E0710,E0711,E0712,E1003,E1101,E1102,E1111,E1120,E1121,E1123,E1124,E1125,E1126,E1127,E1128,E1129,E1130,E1131,E1132,E1133,E1134,E1135,E1136,E1137,E1138,E1139,E1200,E1201,E1205,E1206,E1300,E1301,E1302,E1303,E1304,E1305,E1306,E1310,E1700,E1701 --msg-template='{line},{column},{category},{symbol}:{msg}' --reports=n --output-format=text c:\Users\Userpc\Desktop\myblog\Flask-Tutorial\hello.py
cwd: c:\Users\Userpc\Desktop\myblog
> c:\Users\Userpc\Desktop\myblog\virtual\Scripts\python.exe c:\Users\Userpc\.vscode\extensions\ms-python.python-2020.7.94776\pythonFiles\pyvsc-run-isolated.py c:\Users\Userpc\.vscode\extensions\ms-python.python-2020.7.94776\pythonFiles\completion.py
> c:\Users\Userpc\Desktop\myblog\virtual\Scripts\python.exe c:\Users\Userpc\.vscode\extensions\ms-python.python-2020.7.94776\pythonFiles\pyvsc-run-isolated.py c:\Users\Userpc\.vscode\extensions\ms-python.python-2020.7.94776\pythonFiles\completion.py
> c:\Users\Userpc\Desktop\myblog\virtual\Scripts\python.exe c:\Users\Userpc\.vscode\extensions\ms-python.python-2020.7.94776\pythonFiles\pyvsc-run-isolated.py -c "import pylint"
> c:\Users\Userpc\Desktop\myblog\virtual\Scripts\python.exe c:\Users\Userpc\.vscode\extensions\ms-python.python-2020.7.94776\pythonFiles\pyvsc-run-isolated.py -c "import pylint"
> c:\Users\Userpc\Desktop\myblog\virtual\Scripts\python.exe c:\Users\Userpc\.vscode\extensions\ms-python.python-2020.7.94776\pythonFiles\pyvsc-run-isolated.py -c "import pylint"
> c:\Users\Userpc\Desktop\myblog\virtual\Scripts\python.exe c:\Users\Userpc\.vscode\extensions\ms-python.python-2020.7.94776\pythonFiles\pyvsc-run-isolated.py -c "import pylint"

Linter 'pylint' is not installed. Please install it or select another linter".
Error: Module 'pylint' not installed.
Error 2020-07-26 02:36:53: stderr jediProxy Error (stderr) c:\Users\Userpc\.vscode\extensions\ms-python.python-2020.7.94776\pythonFiles\completion.py:586: DeprecationWarning: Deprecated since version 0.16.0. Use Script(...).get_names instead.
  jedi.api.names(

Error 2020-07-26 02:39:43: stderr jediProxy Error (stderr) c:\Users\Userpc\.vscode\extensions\ms-python.python-2020.7.94776\pythonFiles\completion.py:594: DeprecationWarning: Providing the line is now done in the functions themselves like `Script(...).complete(line, column)`
  script = jedi.Script(
c:\Users\Userpc\.vscode\extensions\ms-python.python-2020.7.94776\pythonFiles\completion.py:594: DeprecationWarning: Providing the column is now done in the functions themselves like `Script(...).complete(line, column)`
  script = jedi.Script(

Error 2020-07-26 02:39:43: stderr jediProxy Error (stderr) c:\Users\Userpc\.vscode\extensions\ms-python.python-2020.7.94776\pythonFiles\completion.py:594: DeprecationWarning: Deprecated since version 0.17.0. Use the project API instead, which means Script(project=Project(dir, sys_path=sys_path)) instead.
  script = jedi.Script(

Error 2020-07-26 02:39:43: stderr jediProxy Error (stderr) c:\Users\Userpc\.vscode\extensions\ms-python.python-2020.7.94776\pythonFiles\completion.py:628: DeprecationWarning: Deprecated since version 0.16.0. Use Script(...).infer instead.
  script.goto_definitions(), request["id"]

> c:\Users\Userpc\Desktop\myblog\virtual\Scripts\python.exe c:\Users\Userpc\.vscode\extensions\ms-python.python-2020.7.94776\pythonFiles\pyvsc-run-isolated.py pylint --disable=all --enable=F,unreachable,duplicate-key,unnecessary-semicolon,global-variable-not-assigned,unused-variable,unused-wildcard-import,binary-op-exception,bad-format-string,anomalous-backslash-in-string,bad-open-mode,E0001,E0011,E0012,E0100,E0101,E0102,E0103,E0104,E0105,E0107,E0108,E0110,E0111,E0112,E0113,E0114,E0115,E0116,E0117,E0118,E0202,E0203,E0211,E0213,E0236,E0237,E0238,E0239,E0240,E0241,E0301,E0302,E0303,E0401,E0402,E0601,E0602,E0603,E0604,E0611,E0632,E0633,E0701,E0702,E0703,E0704,E0710,E0711,E0712,E1003,E1101,E1102,E1111,E1120,E1121,E1123,E1124,E1125,E1126,E1127,E1128,E1129,E1130,E1131,E1132,E1133,E1134,E1135,E1136,E1137,E1138,E1139,E1200,E1201,E1205,E1206,E1300,E1301,E1302,E1303,E1304,E1305,E1306,E1310,E1700,E1701 --msg-template='{line},{column},{category},{symbol}:{msg}' --reports=n --output-format=text c:\Users\Userpc\Desktop\myblog\Flask-Tutorial\hello.py
cwd: c:\Users\Userpc\Desktop\myblog
> c:\Users\Userpc\Desktop\myblog\virtual\Scripts\python.exe c:\Users\Userpc\.vscode\extensions\ms-python.python-2020.7.94776\pythonFiles\pyvsc-run-isolated.py pylint --disable=all --enable=F,unreachable,duplicate-key,unnecessary-semicolon,global-variable-not-assigned,unused-variable,unused-wildcard-import,binary-op-exception,bad-format-string,anomalous-backslash-in-string,bad-open-mode,E0001,E0011,E0012,E0100,E0101,E0102,E0103,E0104,E0105,E0107,E0108,E0110,E0111,E0112,E0113,E0114,E0115,E0116,E0117,E0118,E0202,E0203,E0211,E0213,E0236,E0237,E0238,E0239,E0240,E0241,E0301,E0302,E0303,E0401,E0402,E0601,E0602,E0603,E0604,E0611,E0632,E0633,E0701,E0702,E0703,E0704,E0710,E0711,E0712,E1003,E1101,E1102,E1111,E1120,E1121,E1123,E1124,E1125,E1126,E1127,E1128,E1129,E1130,E1131,E1132,E1133,E1134,E1135,E1136,E1137,E1138,E1139,E1200,E1201,E1205,E1206,E1300,E1301,E1302,E1303,E1304,E1305,E1306,E1310,E1700,E1701 --msg-template='{line},{column},{category},{symbol}:{msg}' --reports=n --output-format=text c:\Users\Userpc\Desktop\myblog\Flask-Tutorial\hello.py
cwd: c:\Users\Userpc\Desktop\myblog
> c:\Users\Userpc\Desktop\myblog\virtual\Scripts\python.exe c:\Users\Userpc\.vscode\extensions\ms-python.python-2020.7.94776\pythonFiles\pyvsc-run-isolated.py -c "import pylint"
> c:\Users\Userpc\Desktop\myblog\virtual\Scripts\python.exe c:\Users\Userpc\.vscode\extensions\ms-python.python-2020.7.94776\pythonFiles\pyvsc-run-isolated.py -c "import pylint"
> c:\Users\Userpc\Desktop\myblog\virtual\Scripts\python.exe c:\Users\Userpc\.vscode\extensions\ms-python.python-2020.7.94776\pythonFiles\pyvsc-run-isolated.py -c "import pylint"
> c:\Users\Userpc\Desktop\myblog\virtual\Scripts\python.exe c:\Users\Userpc\.vscode\extensions\ms-python.python-2020.7.94776\pythonFiles\pyvsc-run-isolated.py -c "import pylint"

Linter 'pylint' is not installed. Please install it or select another linter".
Error: Module 'pylint' not installed.
Error 2020-07-26 02:47:34: stderr jediProxy Error (stderr) Traceback (most recent call last):
  File "c:\Users\Userpc\.vscode\extensions\ms-python.python-2020.7.94776\pythonFiles\completion.py", line 661, in watch
    response = self._process_request(rq)
  File "c:\Users\Userpc\.vscode\extensions\ms-python.python-2020.7.94776\pythonFiles\completion.py", line 594, in _process_request
    script = jedi.Script(
  File "c:\Users\Userpc\.vscode\extensions\ms-python.python-2020.7.94776\pythonFiles\lib\python\jedi\api\__init__.py", line 163, in __init__
    with open(path, 'rb') as f:
FileNotFoundError: [Errno 2] No such file or directory: 'c:\\Users\\Userpc\\Desktop\\myblog\\Flask-Tutorial\\hello.py'


