{"recorder_version":"40","session":"33f09ab92709","build":"201.7846.77","bucket":"7","time":1599774651773,"group":{"id":"settings","version":"4"},"event":{"state":true,"data":{"component":"NotRoamableUiSettings","created":1599774652853},"id":"invoked"}}
{"recorder_version":"40","session":"33f09ab92709","build":"201.7846.77","bucket":"7","time":1599774651777,"group":{"id":"settings","version":"4"},"event":{"state":true,"data":{"component":"UISettings","created":1599774652860},"id":"invoked"}}
{"recorder_version":"40","session":"33f09ab92709","build":"201.7846.77","bucket":"7","time":1599774651803,"group":{"id":"system.java","version":"1"},"event":{"state":true,"data":{"created":1599774652983,"version":"validation.undefined_rule"},"id":"validation.undefined_rule"}}
{"recorder_version":"40","session":"33f09ab92709","build":"201.7846.77","bucket":"7","time":1599774651803,"group":{"id":"system.java","version":"1"},"event":{"state":true,"data":{"created":1599774652985},"id":"invoked"}}
{"recorder_version":"40","session":"33f09ab92709","build":"201.7846.77","bucket":"7","time":1599774652037,"group":{"id":"system.os","version":"3"},"event":{"state":true,"data":{"created":1599774653109,"version":"10.0"},"id":"Windows"}}
{"recorder_version":"40","session":"33f09ab92709","build":"201.7846.77","bucket":"7","time":1599774652037,"group":{"id":"system.os","version":"3"},"event":{"state":true,"data":{"created":1599774653111,"name":"Windows","version":"10.0"},"id":"os.name"}}
{"recorder_version":"40","session":"33f09ab92709","build":"201.7846.77","bucket":"7","time":1599774652037,"group":{"id":"system.os","version":"3"},"event":{"state":true,"data":{"created":1599774653112,"value":"-07_00"},"id":"os.timezone"}}
{"recorder_version":"40","session":"33f09ab92709","build":"201.7846.77","bucket":"7","time":1599774652037,"group":{"id":"system.os","version":"3"},"event":{"state":true,"data":{"created":1599774653112},"id":"invoked"}}
{"recorder_version":"40","session":"33f09ab92709","build":"201.7846.77","bucket":"7","time":1599774652853,"group":{"id":"event.log","version":"40"},"event":{"count":1,"data":{"created":1599774653113,"version":"1309.0"},"id":"whitelist.loaded"}}
{"recorder_version":"40","session":"33f09ab92709","build":"201.7846.77","bucket":"7","time":1599774653160,"group":{"id":"settings","version":"4"},"event":{"state":true,"data":{"component":"GeneralSettings","created":1599774653161},"id":"invoked"}}
{"recorder_version":"40","session":"33f09ab92709","build":"201.7846.77","bucket":"7","time":1599774653301,"group":{"id":"settings","version":"4"},"event":{"state":true,"data":{"component":"DefaultFont","created":1599774653301},"id":"invoked"}}
{"recorder_version":"40","session":"33f09ab92709","build":"201.7846.77","bucket":"7","time":1599774653546,"group":{"id":"lifecycle","version":"40"},"event":{"count":1,"data":{"eap":false,"created":1599774653603},"id":"ide.start"}}
{"recorder_version":"40","session":"33f09ab92709","build":"201.7846.77","bucket":"7","time":1599774653752,"group":{"id":"performance","version":"40"},"event":{"count":1,"data":{"duration_ms":0,"created":1599774653753},"id":"ui.latency"}}
{"recorder_version":"40","session":"33f09ab92709","build":"201.7846.77","bucket":"7","time":1599774654029,"group":{"id":"settings","version":"4"},"event":{"state":true,"data":{"component":"UpdatesConfigurable","created":1599774654030,"name":"hoursSinceLastCheck","type":"int","value":2048},"id":"not.default"}}
{"recorder_version":"40","session":"33f09ab92709","build":"201.7846.77","bucket":"7","time":1599774654029,"group":{"id":"settings","version":"4"},"event":{"state":true,"data":{"component":"UpdatesConfigurable","created":1599774654031,"name":"lastTimeChecked","type":"int"},"id":"not.default"}}
{"recorder_version":"40","session":"33f09ab92709","build":"201.7846.77","bucket":"7","time":1599774654029,"group":{"id":"settings","version":"4"},"event":{"state":true,"data":{"component":"UpdatesConfigurable","created":1599774654037},"id":"invoked"}}
{"recorder_version":"40","session":"33f09ab92709","build":"201.7846.77","bucket":"7","time":1599774654871,"group":{"id":"light.edit","version":"1"},"event":{"count":1,"data":{"open_place":"CommandLine","created":1599774654907},"id":"open.file"}}
{"recorder_version":"40","session":"33f09ab92709","build":"201.7846.77","bucket":"7","time":1599774655032,"group":{"id":"settings","version":"4"},"event":{"state":true,"data":{"component":"VcsApplicationSettings","created":1599774655070},"id":"invoked"}}
{"recorder_version":"40","session":"33f09ab92709","build":"201.7846.77","bucket":"7","time":1599774658597,"group":{"id":"settings","version":"4"},"event":{"state":true,"data":{"component":"JsonEditorOptions","created":1599774658597},"id":"invoked"}}
{"recorder_version":"40","session":"33f09ab92709","build":"201.7846.77","bucket":"7","time":1599774658746,"group":{"id":"settings","version":"4"},"event":{"state":true,"data":{"component":"XmlEditorOptions","created":1599774658746},"id":"invoked"}}
{"recorder_version":"40","session":"33f09ab92709","build":"201.7846.77","bucket":"7","time":1599774658917,"group":{"id":"settings","version":"4"},"event":{"state":true,"data":{"component":"CodeFoldingSettings","created":1599774658918},"id":"invoked"}}
{"recorder_version":"40","session":"33f09ab92709","build":"201.7846.77","bucket":"7","time":1599774658917,"group":{"id":"settings","version":"4"},"event":{"state":true,"data":{"component":"CodeFoldingSettings","created":1599774658918},"id":"invoked"}}
{"recorder_version":"40","session":"33f09ab92709","build":"201.7846.77","bucket":"7","time":1599774659000,"group":{"id":"settings","version":"4"},"event":{"state":true,"data":{"component":"XmlFoldingSettings","created":1599774659002},"id":"invoked"}}
{"recorder_version":"40","session":"33f09ab92709","build":"201.7846.77","bucket":"7","time":1599774659001,"group":{"id":"settings","version":"4"},"event":{"state":true,"data":{"component":"XmlFoldingSettings","created":1599774659003},"id":"invoked"}}
{"recorder_version":"40","session":"33f09ab92709","build":"201.7846.77","bucket":"7","time":1599774662415,"group":{"id":"file.types.usage","version":"40"},"event":{"count":1,"data":{"file_path":"6b12f8d75a9f110fa1ee9db99f00e4ca09a96279690e874083c760e1fe22d348","plugin_version":"201.7846.77","plugin":"PythonCore","file_type":"Python","created":1599774662484,"plugin_type":"JB_BUNDLED","project":"cf6d42a1007ef259d8ab9c6238bd73034c9f899a13aba4a363fb6e37c7921e66"},"id":"open"}}
{"recorder_version":"40","session":"33f09ab92709","build":"201.7846.77","bucket":"7","time":1599774662956,"group":{"id":"lifecycle","version":"40"},"event":{"count":1,"data":{"duration_ms":8083,"created":1599774662978,"duration_grouped":"8s"},"id":"ide.freeze"}}
{"recorder_version":"40","session":"33f09ab92709","build":"201.7846.77","bucket":"7","time":1599774662987,"group":{"id":"light.edit","version":"1"},"event":{"count":1,"data":{"open_place":"CommandLine","created":1599774662991},"id":"open.file"}}
{"recorder_version":"40","session":"33f09ab92709","build":"201.7846.77","bucket":"7","time":1599774662987,"group":{"id":"performance","version":"40"},"event":{"count":1,"data":{"duration_ms":7227,"created":1599774662991},"id":"ui.lagging"}}
{"recorder_version":"40","session":"33f09ab92709","build":"201.7846.77","bucket":"7","time":1599774662987,"group":{"id":"performance","version":"40"},"event":{"count":1,"data":{"duration_ms":6211,"created":1599774662992},"id":"ui.lagging"}}
{"recorder_version":"40","session":"33f09ab92709","build":"201.7846.77","bucket":"7","time":1599774663157,"group":{"id":"performance","version":"40"},"event":{"count":1,"data":{"duration_ms":5244,"created":1599774663195},"id":"ui.lagging"}}
{"recorder_version":"40","session":"33f09ab92709","build":"201.7846.77","bucket":"7","time":1599774663157,"group":{"id":"performance","version":"40"},"event":{"count":1,"data":{"duration_ms":4244,"created":1599774663195},"id":"ui.lagging"}}
{"recorder_version":"40","session":"33f09ab92709","build":"201.7846.77","bucket":"7","time":1599774663224,"group":{"id":"performance","version":"40"},"event":{"count":1,"data":{"duration_ms":3070,"created":1599774663285},"id":"ui.lagging"}}
{"recorder_version":"40","session":"33f09ab92709","build":"201.7846.77","bucket":"7","time":1599774663229,"group":{"id":"performance","version":"40"},"event":{"count":1,"data":{"duration_ms":2075,"created":1599774663286},"id":"ui.lagging"}}
{"recorder_version":"40","session":"33f09ab92709","build":"201.7846.77","bucket":"7","time":1599774663230,"group":{"id":"performance","version":"40"},"event":{"count":1,"data":{"duration_ms":1006,"created":1599774663338},"id":"ui.lagging"}}
{"recorder_version":"40","session":"33f09ab92709","build":"201.7846.77","bucket":"7","time":1599774663239,"group":{"id":"lifecycle","version":"40"},"event":{"count":1,"data":{"created":1599774663338,"project":"cf6d42a1007ef259d8ab9c6238bd73034c9f899a13aba4a363fb6e37c7921e66"},"id":"frame.activated"}}
{"recorder_version":"40","session":"33f09ab92709","build":"201.7846.77","bucket":"7","time":1599774666606,"group":{"id":"performance","version":"40"},"event":{"count":1,"data":{"duration_ms":171,"created":1599774666609},"id":"ui.lagging"}}
{"recorder_version":"40","session":"33f09ab92709","build":"201.7846.77","bucket":"7","time":1599774672232,"group":{"id":"lifecycle","version":"40"},"event":{"count":1,"data":{"created":1599774672238,"project":"cf6d42a1007ef259d8ab9c6238bd73034c9f899a13aba4a363fb6e37c7921e66"},"id":"frame.deactivated"}}
{"recorder_version":"40","session":"33f09ab92709","build":"201.7846.77","bucket":"7","time":1599774672504,"group":{"id":"event.log","version":"40"},"event":{"count":1,"data":{"created":1599774672514},"id":"external.send.command.creation.started"}}
{"recorder_version":"40","session":"33f09ab92709","build":"201.7846.77","bucket":"7","time":1599774672516,"group":{"id":"event.log","version":"40"},"event":{"count":1,"data":{"created":1599774672518,"succeed":true},"id":"external.send.command.creation.finished"}}
{"recorder_version":"40","session":"33f09ab92709","build":"201.7846.77","bucket":"7","time":1599774672533,"group":{"id":"lifecycle","version":"40"},"event":{"count":1,"data":{"restart":false,"created":1599774672537},"id":"ide.close"}}
