[2020-07-21 06:51:51.956] [main] [info] update#setState idle
[2020-07-21 06:52:21.956] [main] [info] update#setState checking for updates
[2020-07-21 06:52:22.629] [main] [info] update#setState idle
[2020-07-21 07:52:21.958] [main] [info] update#setState checking for updates
[2020-07-21 07:52:22.787] [main] [info] update#setState idle
[2020-07-21 10:55:09.109] [main] [info] update#setState checking for updates
[2020-07-21 10:55:14.088] [main] [error] Error: net::ERR_NETWORK_IO_SUSPENDED
    at SimpleURLLoaderWrapper.<anonymous> (electron/js2c/browser_init.js:2657:21)
    at SimpleURLLoaderWrapper.emit (events.js:203:13)
[2020-07-21 10:55:14.089] [main] [info] update#setState idle
[2020-07-21 13:29:18.474] [main] [info] update#setState checking for updates
[2020-07-21 13:29:20.368] [main] [error] Error: net::ERR_INTERNET_DISCONNECTED
    at SimpleURLLoaderWrapper.<anonymous> (electron/js2c/browser_init.js:2657:21)
    at SimpleURLLoaderWrapper.emit (events.js:203:13)
[2020-07-21 13:29:20.368] [main] [info] update#setState idle
[2020-07-21 14:37:40.647] [main] [info] update#setState checking for updates
[2020-07-21 14:37:40.651] [main] [error] Error: net::ERR_NETWORK_IO_SUSPENDED
    at SimpleURLLoaderWrapper.<anonymous> (electron/js2c/browser_init.js:2657:21)
    at SimpleURLLoaderWrapper.emit (events.js:203:13)
[2020-07-21 14:37:40.652] [main] [info] update#setState idle
